{"ts":"2026-03-13T03:35:01.731Z","event":"session_start","unity":"6000.4.0b9"}
{"ts":"2026-03-13T03:35:01.729Z","tool":"read_console","type":"tool","status":"SUCCESS","ms":38,"action":"get","params":{"action":"get","types":["error","warning","log"],"count":20,"format":"plain","includeStacktrace":false}}
{"ts":"2026-03-13T03:35:59.621Z","tool":"read_console","type":"tool","status":"SUCCESS","ms":3,"action":"get","params":{"action":"get","types":["error","warning","log"],"count":5,"format":"plain","includeStacktrace":false}}
{"ts":"2026-03-13T03:58:05.264Z","tool":"get_editor_state","type":"resource","status":"SUCCESS","ms":21,"params":{}}
{"ts":"2026-03-13T03:58:05.367Z","tool":"get_project_info","type":"resource","status":"SUCCESS","ms":71,"params":{}}
{"ts":"2026-03-13T03:58:06.042Z","tool":"manage_scene","type":"tool","status":"SUCCESS","ms":92,"action":"get_hierarchy","params":{"action":"get_hierarchy"}}
{"ts":"2026-03-15T19:12:29.631Z","event":"session_start","unity":"6000.4.0b9"}
{"ts":"2026-03-15T19:12:29.627Z","tool":"manage_scene","type":"tool","status":"SUCCESS","ms":9,"action":"get_active","params":{"action":"get_active"}}
{"ts":"2026-03-15T19:12:30.945Z","tool":"manage_scene","type":"tool","status":"SUCCESS","ms":11,"action":"get_hierarchy","params":{"action":"get_hierarchy","pageSize":25,"cursor":0}}
{"ts":"2026-03-15T19:12:30.970Z","tool":"manage_scene","type":"tool","status":"SUCCESS","ms":1,"action":"get_active","params":{"action":"get_active"}}
{"ts":"2026-03-15T19:12:30.972Z","tool":"manage_scene","type":"tool","status":"SUCCESS","ms":1,"action":"get_active","params":{"action":"get_active"}}
{"ts":"2026-03-15T19:12:31.100Z","tool":"manage_scene","type":"tool","status":"SUCCESS","ms":4,"action":"get_hierarchy","params":{"action":"get_hierarchy","pageSize":25,"cursor":0}}
{"ts":"2026-03-15T19:12:45.199Z","tool":"get_editor_state","type":"resource","status":"SUCCESS","ms":12,"params":{}}
{"ts":"2026-03-15T19:12:45.316Z","tool":"manage_gameobject","type":"tool","status":"ERROR","ms":0,"action":"get_components","params":{"action":"get_components","target":"MainCamera","includeProperties":true,"pageSize":10,"cursor":0},"error":"Unknown action: 'get_components'."}
{"ts":"2026-03-15T19:12:46.123Z","tool":"manage_gameobject","type":"tool","status":"ERROR","ms":0,"action":"get_components","params":{"action":"get_components","target":"NetworkManager","includeProperties":true,"pageSize":10,"cursor":0},"error":"Unknown action: 'get_components'."}
{"ts":"2026-03-15T19:12:46.743Z","tool":"get_editor_state","type":"resource","status":"SUCCESS","ms":0,"params":{}}
{"ts":"2026-03-15T19:13:09.712Z","tool":"manage_editor","type":"tool","status":"SUCCESS","ms":23,"action":"play","params":{"action":"play"}}
{"ts":"2026-03-15T19:13:28.971Z","event":"session_start","unity":"6000.4.0b9"}
{"ts":"2026-03-15T19:13:28.968Z","tool":"get_editor_state","type":"resource","status":"SUCCESS","ms":4,"params":{}}
{"ts":"2026-03-15T19:13:29.660Z","tool":"find_gameobjects","type":"tool","status":"SUCCESS","ms":11,"params":{"searchMethod":"by_name","searchTerm":"Player","includeInactive":true,"pageSize":20,"cursor":0}}
{"ts":"2026-03-15T19:13:29.711Z","tool":"find_gameobjects","type":"tool","status":"SUCCESS","ms":2,"params":{"searchMethod":"by_tag","searchTerm":"CinemachineCamera","includeInactive":true,"pageSize":20,"cursor":0}}
{"ts":"2026-03-15T19:13:29.747Z","tool":"manage_scene","type":"tool","status":"SUCCESS","ms":12,"action":"get_hierarchy","params":{"action":"get_hierarchy","pageSize":30,"cursor":0}}
{"ts":"2026-03-15T19:13:29.790Z","tool":"read_console","type":"tool","status":"SUCCESS","ms":14,"action":"get","params":{"action":"get","types":["error","warning","log"],"count":30,"include_stacktrace":false}}
{"ts":"2026-03-15T19:13:51.576Z","tool":"get_gameobject","type":"resource","status":"SUCCESS","ms":8,"params":{"instance_id":"77466"}}
{"ts":"2026-03-15T19:13:51.629Z","tool":"get_gameobject","type":"resource","status":"SUCCESS","ms":0,"params":{"instance_id":"77586"}}
{"ts":"2026-03-15T19:13:51.657Z","tool":"get_gameobject","type":"resource","status":"SUCCESS","ms":0,"params":{"instance_id":"76898"}}
{"ts":"2026-03-15T19:13:51.689Z","tool":"get_gameobject","type":"resource","status":"SUCCESS","ms":0,"params":{"instance_id":"77716"}}
{"ts":"2026-03-15T19:13:51.705Z","tool":"get_gameobject","type":"resource","status":"SUCCESS","ms":0,"params":{"instance_id":"77848"}}
{"ts":"2026-03-15T19:13:52.622Z","tool":"get_gameobject_components","type":"resource","status":"SUCCESS","ms":364,"params":{"instance_id":"-731166","page_size":20,"cursor":0,"include_properties":true}}
{"ts":"2026-03-15T19:13:52.691Z","tool":"get_gameobject","type":"resource","status":"SUCCESS","ms":0,"params":{"instance_id":"-731166"}}
{"ts":"2026-03-15T19:13:52.770Z","tool":"get_gameobject_components","type":"resource","status":"SUCCESS","ms":50,"params":{"instance_id":"-731166","page_size":20,"cursor":0,"include_properties":true}}
{"ts":"2026-03-15T19:14:04.340Z","tool":"get_gameobject_component","type":"resource","status":"SUCCESS","ms":27,"params":{"instance_id":"77466","component_name":"CinemachineThirdPersonFollow"}}
{"ts":"2026-03-15T19:14:04.365Z","tool":"get_gameobject_component","type":"resource","status":"SUCCESS","ms":0,"params":{"instance_id":"77586","component_name":"CinemachineThirdPersonFollow"}}
{"ts":"2026-03-15T19:14:05.251Z","tool":"get_gameobject_component","type":"resource","status":"SUCCESS","ms":0,"params":{"instance_id":"77586","component_name":"CinemachineThirdPersonFollow"}}
{"ts":"2026-03-15T19:14:05.291Z","tool":"get_gameobject_component","type":"resource","status":"SUCCESS","ms":9,"params":{"instance_id":"77466","component_name":"CinemachineCamera"}}
{"ts":"2026-03-15T19:14:05.295Z","tool":"get_gameobject_component","type":"resource","status":"SUCCESS","ms":0,"params":{"instance_id":"76898","component_name":"CinemachineThirdPersonFollow"}}
{"ts":"2026-03-15T19:14:05.461Z","tool":"get_gameobject_component","type":"resource","status":"SUCCESS","ms":0,"params":{"instance_id":"76898","component_name":"CinemachineThirdPersonFollow"}}
{"ts":"2026-03-15T19:14:05.482Z","tool":"get_gameobject_component","type":"resource","status":"SUCCESS","ms":0,"params":{"instance_id":"77716","component_name":"CinemachineThirdPersonFollow"}}
{"ts":"2026-03-15T19:14:05.882Z","tool":"get_gameobject_component","type":"resource","status":"SUCCESS","ms":1,"params":{"instance_id":"77466","component_name":"CinemachineCamera"}}
{"ts":"2026-03-15T19:14:05.914Z","tool":"get_gameobject_component","type":"resource","status":"SUCCESS","ms":1,"params":{"instance_id":"77586","component_name":"CinemachineCamera"}}
{"ts":"2026-03-15T19:14:05.940Z","tool":"get_gameobject_component","type":"resource","status":"SUCCESS","ms":0,"params":{"instance_id":"76898","component_name":"CinemachineCamera"}}
{"ts":"2026-03-15T19:14:05.958Z","tool":"get_gameobject_component","type":"resource","status":"SUCCESS","ms":0,"params":{"instance_id":"77716","component_name":"CinemachineCamera"}}
{"ts":"2026-03-15T19:14:05.993Z","tool":"get_gameobject_component","type":"resource","status":"SUCCESS","ms":15,"params":{"instance_id":"77848","component_name":"CinemachineBrain"}}
{"ts":"2026-03-15T19:14:23.148Z","tool":"find_gameobjects","type":"tool","status":"SUCCESS","ms":424,"params":{"searchMethod":"by_component","searchTerm":"DebugWatchdog","includeInactive":true,"pageSize":20,"cursor":0}}
{"ts":"2026-03-15T19:14:23.697Z","tool":"find_gameobjects","type":"tool","status":"SUCCESS","ms":3,"params":{"searchMethod":"by_component","searchTerm":"DebugWatchdog","includeInactive":true,"pageSize":20,"cursor":0}}
{"ts":"2026-03-15T19:14:23.736Z","tool":"find_gameobjects","type":"tool","status":"SUCCESS","ms":2,"params":{"searchMethod":"by_name","searchTerm":"HUD_Root","includeInactive":true,"pageSize":10,"cursor":0}}
{"ts":"2026-03-15T19:14:24.090Z","tool":"find_gameobjects","type":"tool","status":"SUCCESS","ms":351,"params":{"searchMethod":"by_component","searchTerm":"LocalPlayerAuthService","includeInactive":true,"pageSize":20,"cursor":0}}
{"ts":"2026-03-15T19:14:24.158Z","tool":"find_gameobjects","type":"tool","status":"SUCCESS","ms":10,"params":{"searchMethod":"by_component","searchTerm":"LocalPlayerAuthService","includeInactive":true,"pageSize":20,"cursor":0}}
{"ts":"2026-03-15T19:14:24.510Z","tool":"find_gameobjects","type":"tool","status":"SUCCESS","ms":320,"params":{"searchMethod":"by_component","searchTerm":"PlayerLoginController","includeInactive":true,"pageSize":20,"cursor":0}}
{"ts":"2026-03-15T19:14:24.571Z","tool":"find_gameobjects","type":"tool","status":"SUCCESS","ms":3,"params":{"searchMethod":"by_name","searchTerm":"HUD_Root","includeInactive":true,"pageSize":10,"cursor":0}}
{"ts":"2026-03-15T19:14:24.627Z","tool":"find_gameobjects","type":"tool","status":"SUCCESS","ms":3,"params":{"searchMethod":"by_component","searchTerm":"PlayerLoginController","includeInactive":true,"pageSize":20,"cursor":0}}
{"ts":"2026-03-15T19:14:24.848Z","tool":"find_gameobjects","type":"tool","status":"SUCCESS","ms":198,"params":{"searchMethod":"by_component","searchTerm":"ModernHudLayoutManager","includeInactive":true,"pageSize":20,"cursor":0}}
{"ts":"2026-03-15T19:14:24.888Z","tool":"find_gameobjects","type":"tool","status":"SUCCESS","ms":1,"params":{"searchMethod":"by_name","searchTerm":"HUD_Root","includeInactive":true,"pageSize":10,"cursor":0}}
{"ts":"2026-03-15T19:14:25.111Z","tool":"find_gameobjects","type":"tool","status":"SUCCESS","ms":221,"params":{"searchMethod":"by_component","searchTerm":"NetworkBootstrap","includeInactive":true,"pageSize":20,"cursor":0}}
{"ts":"2026-03-15T19:14:25.157Z","tool":"find_gameobjects","type":"tool","status":"SUCCESS","ms":2,"params":{"searchMethod":"by_component","searchTerm":"NetworkBootstrap","includeInactive":true,"pageSize":20,"cursor":0}}
{"ts":"2026-03-15T19:14:25.471Z","tool":"find_gameobjects","type":"tool","status":"SUCCESS","ms":291,"params":{"searchMethod":"by_component","searchTerm":"PlayerBootstrap","includeInactive":true,"pageSize":20,"cursor":0}}
{"ts":"2026-03-15T19:14:25.728Z","tool":"find_gameobjects","type":"tool","status":"SUCCESS","ms":211,"params":{"searchMethod":"by_component","searchTerm":"RuntimeBinder","includeInactive":true,"pageSize":20,"cursor":0}}
{"ts":"2026-03-15T19:14:25.990Z","tool":"find_gameobjects","type":"tool","status":"SUCCESS","ms":232,"params":{"searchMethod":"by_component","searchTerm":"SceneCameraManager","includeInactive":true,"pageSize":20,"cursor":0}}
{"ts":"2026-03-15T19:14:26.559Z","tool":"find_gameobjects","type":"tool","status":"SUCCESS","ms":1,"params":{"searchMethod":"by_name","searchTerm":"HUD_Root","includeInactive":true,"pageSize":10,"cursor":0}}
{"ts":"2026-03-15T19:14:26.592Z","tool":"find_gameobjects","type":"tool","status":"SUCCESS","ms":2,"params":{"searchMethod":"by_name","searchTerm":"EventSystem","includeInactive":true,"pageSize":10,"cursor":0}}
{"ts":"2026-03-15T19:14:26.626Z","tool":"find_gameobjects","type":"tool","status":"SUCCESS","ms":1,"params":{"searchMethod":"by_name","searchTerm":"BehaviorSceneBootstrap","includeInactive":true,"pageSize":10,"cursor":0}}
{"ts":"2026-03-15T19:14:26.664Z","tool":"find_gameobjects","type":"tool","status":"SUCCESS","ms":2,"params":{"searchMethod":"by_name","searchTerm":"NetworkDialogueService","includeInactive":true,"pageSize":10,"cursor":0}}
{"ts":"2026-03-15T19:14:36.273Z","tool":"manage_scene","type":"tool","status":"SUCCESS","ms":3,"action":"get_hierarchy","params":{"action":"get_hierarchy","parent":"77528","pageSize":50,"cursor":0,"includeTransform":false}}
{"ts":"2026-03-15T19:14:36.298Z","tool":"manage_scene","type":"tool","status":"SUCCESS","ms":3,"action":"get_hierarchy","params":{"action":"get_hierarchy","parent":"77622","pageSize":50,"cursor":0,"includeTransform":false}}
{"ts":"2026-03-15T19:14:37.080Z","tool":"manage_scene","type":"tool","status":"SUCCESS","ms":2,"action":"get_hierarchy","params":{"action":"get_hierarchy","parent":"77622","pageSize":50,"cursor":0,"includeTransform":false}}
{"ts":"2026-03-15T19:14:50.253Z","tool":"get_gameobject_component","type":"resource","status":"SUCCESS","ms":0,"params":{"instance_id":"77196","component_name":"PlayerBootstrap"}}
{"ts":"2026-03-15T19:14:50.270Z","tool":"get_gameobject_component","type":"resource","status":"SUCCESS","ms":0,"params":{"instance_id":"77196","component_name":"SceneCameraManager"}}
{"ts":"2026-03-15T19:14:51.042Z","tool":"get_gameobject_component","type":"resource","status":"SUCCESS","ms":0,"params":{"instance_id":"77100","component_name":"PlayerLoginController"}}
{"ts":"2026-03-15T19:14:51.066Z","tool":"get_gameobject_component","type":"resource","status":"ERROR","ms":0,"params":{"instance_id":"77442","component_name":"PlayerLoginController"},"error":"Component 'PlayerLoginController' not found on GameObject 'Dialogue_Panel (1)'."}
{"ts":"2026-03-15T19:14:51.094Z","tool":"get_gameobject_component","type":"resource","status":"ERROR","ms":0,"params":{"instance_id":"77232","component_name":"PlayerLoginController"},"error":"Component 'PlayerLoginController' not found on GameObject 'Profile_Panel (1)'."}
{"ts":"2026-03-15T19:14:51.114Z","tool":"get_gameobject_component","type":"resource","status":"ERROR","ms":0,"params":{"instance_id":"77100","component_name":"ModernDialogueController"},"error":"Component 'ModernDialogueController' not found on GameObject 'Login_Panel'."}
{"ts":"2026-03-15T19:14:51.134Z","tool":"get_gameobject_component","type":"resource","status":"SUCCESS","ms":2,"params":{"instance_id":"77442","component_name":"ModernDialogueController"}}
{"ts":"2026-03-15T19:14:51.153Z","tool":"get_gameobject_component","type":"resource","status":"ERROR","ms":0,"params":{"instance_id":"77232","component_name":"ModernDialogueController"},"error":"Component 'ModernDialogueController' not found on GameObject 'Profile_Panel (1)'."}
{"ts":"2026-03-15T19:14:51.173Z","tool":"get_gameobject_component","type":"resource","status":"SUCCESS","ms":0,"params":{"instance_id":"77196","component_name":"SceneCameraManager"}}
{"ts":"2026-03-15T19:14:51.174Z","tool":"get_gameobject_component","type":"resource","status":"ERROR","ms":0,"params":{"instance_id":"77100","component_name":"PlayerProfileController"},"error":"Component 'PlayerProfileController' not found on GameObject 'Login_Panel'."}
{"ts":"2026-03-15T19:14:51.195Z","tool":"get_gameobject_component","type":"resource","status":"SUCCESS","ms":0,"params":{"instance_id":"77196","component_name":"RuntimeBinder"}}
{"ts":"2026-03-15T19:14:51.214Z","tool":"get_gameobject_component","type":"resource","status":"SUCCESS","ms":0,"params":{"instance_id":"77196","component_name":"NetworkBootstrap"}}
{"ts":"2026-03-15T19:14:51.234Z","tool":"get_gameobject_component","type":"resource","status":"SUCCESS","ms":0,"params":{"instance_id":"77196","component_name":"AuthBootstrap"}}
{"ts":"2026-03-15T19:14:51.254Z","tool":"get_gameobject_component","type":"resource","status":"SUCCESS","ms":0,"params":{"instance_id":"77196","component_name":"NPCAgentBootstrap"}}
{"ts":"2026-03-15T19:14:51.281Z","tool":"get_gameobject_component","type":"resource","status":"SUCCESS","ms":0,"params":{"instance_id":"77196","component_name":"NetworkBootstrapEvents"}}
{"ts":"2026-03-15T19:14:51.335Z","tool":"get_gameobject_component","type":"resource","status":"ERROR","ms":0,"params":{"instance_id":"77100","component_name":"PlayerProfileController"},"error":"Component 'PlayerProfileController' not found on GameObject 'Login_Panel'."}
{"ts":"2026-03-15T19:14:51.353Z","tool":"get_gameobject_component","type":"resource","status":"ERROR","ms":0,"params":{"instance_id":"77442","component_name":"PlayerProfileController"},"error":"Component 'PlayerProfileController' not found on GameObject 'Dialogue_Panel (1)'."}
{"ts":"2026-03-15T19:14:51.376Z","tool":"get_gameobject_component","type":"resource","status":"SUCCESS","ms":0,"params":{"instance_id":"77232","component_name":"PlayerProfileController"}}
{"ts":"2026-03-15T19:18:06.444Z","tool":"get_editor_state","type":"resource","status":"SUCCESS","ms":0,"params":{}}
{"ts":"2026-03-15T19:18:06.548Z","tool":"read_console","type":"tool","status":"SUCCESS","ms":3,"action":"get","params":{"action":"get","types":["error","warning"],"count":40,"include_stacktrace":true}}
{"ts":"2026-03-16T01:37:05.182Z","event":"session_start","unity":"6000.4.0b9"}
{"ts":"2026-03-16T01:37:05.175Z","tool":"get_editor_state","type":"resource","status":"SUCCESS","ms":18,"params":{}}
{"ts":"2026-03-16T01:37:38.467Z","tool":"manage_editor","type":"tool","status":"SUCCESS","ms":281,"action":"play","params":{"action":"play"}}
{"ts":"2026-03-16T01:37:38.568Z","tool":"read_console","type":"tool","status":"SUCCESS","ms":83,"action":"get","params":{"action":"get","types":["error","warning"],"count":40,"format":"detailed","include_stacktrace":true}}
{"ts":"2026-03-16T01:37:38.597Z","tool":"manage_editor","type":"tool","status":"SUCCESS","ms":0,"action":"play","params":{"action":"play"}}
{"ts":"2026-03-16T01:37:38.690Z","tool":"read_console","type":"tool","status":"SUCCESS","ms":89,"action":"get","params":{"action":"get","types":["error","warning"],"count":40,"format":"detailed","include_stacktrace":true}}
{"ts":"2026-03-16T01:37:38.694Z","tool":"manage_editor","type":"tool","status":"SUCCESS","ms":0,"action":"play","params":{"action":"play"}}
{"ts":"2026-03-16T01:37:38.784Z","tool":"read_console","type":"tool","status":"SUCCESS","ms":88,"action":"get","params":{"action":"get","types":["error","warning"],"count":40,"format":"detailed","include_stacktrace":true}}
{"ts":"2026-03-16T01:37:38.788Z","tool":"manage_editor","type":"tool","status":"SUCCESS","ms":0,"action":"play","params":{"action":"play"}}
{"ts":"2026-03-16T01:37:38.904Z","tool":"read_console","type":"tool","status":"SUCCESS","ms":100,"action":"get","params":{"action":"get","types":["error","warning"],"count":40,"format":"detailed","include_stacktrace":true}}
{"ts":"2026-03-16T01:37:38.909Z","tool":"manage_editor","type":"tool","status":"SUCCESS","ms":0,"action":"play","params":{"action":"play"}}
{"ts":"2026-03-16T01:37:38.985Z","tool":"read_console","type":"tool","status":"SUCCESS","ms":73,"action":"get","params":{"action":"get","types":["error","warning"],"count":40,"format":"detailed","include_stacktrace":true}}
{"ts":"2026-03-16T01:37:38.993Z","tool":"manage_editor","type":"tool","status":"SUCCESS","ms":0,"action":"play","params":{"action":"play"}}
{"ts":"2026-03-16T01:37:55.142Z","tool":"get_editor_state","type":"resource","status":"SUCCESS","ms":0,"params":{}}
{"ts":"2026-03-16T01:38:06.331Z","tool":"read_console","type":"tool","status":"SUCCESS","ms":48,"action":"get","params":{"action":"get","types":["error","warning"],"count":50,"format":"detailed","include_stacktrace":true}}
{"ts":"2026-03-16T01:38:06.655Z","tool":"manage_editor","type":"tool","status":"SUCCESS","ms":30,"action":"play","params":{"action":"play"}}
{"ts":"2026-03-16T01:38:25.626Z","tool":"get_editor_state","type":"resource","status":"SUCCESS","ms":0,"params":{}}
{"ts":"2026-03-16T01:38:25.659Z","tool":"find_gameobjects","type":"tool","status":"SUCCESS","ms":30,"params":{"search_term":"PlayerArmature","search_method":"by_name","include_inactive":true,"page_size":20}}
{"ts":"2026-03-16T01:38:25.818Z","tool":"manage_scene","type":"tool","status":"SUCCESS","ms":41,"action":"get_hierarchy","params":{"action":"get_hierarchy"}}
{"ts":"2026-03-16T01:38:26.416Z","tool":"find_gameobjects","type":"tool","status":"SUCCESS","ms":1,"params":{"search_term":"PlayerArmature","search_method":"by_name","include_inactive":true,"page_size":20}}
{"ts":"2026-03-16T01:38:26.778Z","tool":"get_editor_state","type":"resource","status":"SUCCESS","ms":0,"params":{}}
{"ts":"2026-03-16T01:38:44.948Z","tool":"get_gameobject_components","type":"resource","status":"ERROR","ms":4,"params":{"target":104192},"error":"'instanceID' parameter is required."}
{"ts":"2026-03-16T01:38:45.073Z","tool":"get_gameobject_components","type":"resource","status":"ERROR","ms":0,"params":{"target":104524},"error":"'instanceID' parameter is required."}
{"ts":"2026-03-16T01:38:45.173Z","tool":"get_gameobject_components","type":"resource","status":"ERROR","ms":0,"params":{"target":104514},"error":"'instanceID' parameter is required."}
{"ts":"2026-03-16T01:38:45.287Z","tool":"get_gameobject_components","type":"resource","status":"ERROR","ms":0,"params":{"target":104128},"error":"'instanceID' parameter is required."}
{"ts":"2026-03-16T02:14:45.679Z","event":"session_start","unity":"6000.4.0b9"}
{"ts":"2026-03-16T02:14:45.677Z","tool":"get_editor_state","type":"resource","status":"SUCCESS","ms":2,"params":{}}
{"ts":"2026-03-16T02:14:45.700Z","tool":"get_project_info","type":"resource","status":"SUCCESS","ms":1,"params":{}}
{"ts":"2026-03-16T02:14:54.177Z","tool":"get_editor_state","type":"resource","status":"SUCCESS","ms":0,"params":{}}
{"ts":"2026-03-16T02:14:54.189Z","tool":"get_project_info","type":"resource","status":"SUCCESS","ms":0,"params":{}}
{"ts":"2026-03-16T02:15:09.460Z","tool":"get_editor_state","type":"resource","status":"SUCCESS","ms":0,"params":{}}
{"ts":"2026-03-16T02:15:23.039Z","event":"session_start","unity":"6000.4.0b9"}
{"ts":"2026-03-16T02:15:23.036Z","tool":"get_project_info","type":"resource","status":"SUCCESS","ms":2,"params":{}}
{"ts":"2026-03-16T02:15:24.443Z","tool":"get_editor_state","type":"resource","status":"SUCCESS","ms":2,"params":{}}
{"ts":"2026-03-16T02:15:24.458Z","tool":"get_project_info","type":"resource","status":"SUCCESS","ms":0,"params":{}}
{"ts":"2026-03-16T02:15:25.071Z","tool":"find_gameobjects","type":"tool","status":"SUCCESS","ms":595,"params":{"searchMethod":"by_component","searchTerm":"NetworkDialogueService","includeInactive":false,"pageSize":50,"cursor":0}}
{"ts":"2026-03-16T02:15:25.143Z","tool":"get_editor_state","type":"resource","status":"SUCCESS","ms":0,"params":{}}
{"ts":"2026-03-16T02:15:25.163Z","tool":"get_project_info","type":"resource","status":"SUCCESS","ms":0,"params":{}}
{"ts":"2026-03-16T02:15:25.886Z","tool":"find_gameobjects","type":"tool","status":"SUCCESS","ms":273,"params":{"searchMethod":"by_component","searchTerm":"NpcDialogueActor","includeInactive":false,"pageSize":50,"cursor":0}}
{"ts":"2026-03-16T02:15:41.195Z","tool":"get_gameobject_components","type":"resource","status":"SUCCESS","ms":72,"params":{"instanceID":101056,"pageSize":25,"cursor":0,"includeProperties":true}}
{"ts":"2026-03-16T02:15:42.019Z","tool":"get_gameobject_components","type":"resource","status":"SUCCESS","ms":533,"params":{"instanceID":101292,"pageSize":25,"cursor":0,"includeProperties":true}}
{"ts":"2026-03-16T02:15:42.186Z","tool":"get_gameobject_components","type":"resource","status":"SUCCESS","ms":100,"params":{"instanceID":100524,"pageSize":25,"cursor":0,"includeProperties":true}}
{"ts":"2026-03-16T02:15:47.297Z","tool":"get_editor_state","type":"resource","status":"SUCCESS","ms":2,"params":{}}
{"ts":"2026-03-16T02:15:47.315Z","tool":"get_project_info","type":"resource","status":"SUCCESS","ms":0,"params":{}}
{"ts":"2026-03-16T02:15:50.427Z","tool":"get_editor_state","type":"resource","status":"SUCCESS","ms":0,"params":{}}
{"ts":"2026-03-16T02:16:03.418Z","event":"session_start","unity":"6000.4.0b9"}
{"ts":"2026-03-16T02:16:03.415Z","tool":"get_project_info","type":"resource","status":"SUCCESS","ms":1,"params":{}}
{"ts":"2026-03-16T02:16:03.441Z","tool":"get_project_info","type":"resource","status":"SUCCESS","ms":0,"params":{}}
{"ts":"2026-03-16T02:16:04.761Z","tool":"get_editor_state","type":"resource","status":"SUCCESS","ms":4,"params":{}}
{"ts":"2026-03-16T02:16:04.775Z","tool":"get_project_info","type":"resource","status":"SUCCESS","ms":0,"params":{}}
{"ts":"2026-03-16T02:16:04.883Z","tool":"find_gameobjects","type":"tool","status":"SUCCESS","ms":9,"params":{"searchMethod":"by_name","searchTerm":"DialogueBridge","includeInactive":false,"pageSize":50,"cursor":0}}
{"ts":"2026-03-16T02:16:04.974Z","tool":"get_editor_state","type":"resource","status":"SUCCESS","ms":0,"params":{}}
{"ts":"2026-03-16T02:16:05.072Z","tool":"get_project_info","type":"resource","status":"SUCCESS","ms":0,"params":{}}
{"ts":"2026-03-16T02:16:06.053Z","tool":"find_gameobjects","type":"tool","status":"SUCCESS","ms":581,"params":{"searchMethod":"by_component","searchTerm":"ModernDialogueController","includeInactive":false,"pageSize":50,"cursor":0}}
{"ts":"2026-03-16T02:16:06.157Z","tool":"get_editor_state","type":"resource","status":"SUCCESS","ms":0,"params":{}}
{"ts":"2026-03-16T02:16:06.255Z","tool":"get_project_info","type":"resource","status":"SUCCESS","ms":0,"params":{}}
{"ts":"2026-03-16T02:16:06.597Z","tool":"find_gameobjects","type":"tool","status":"SUCCESS","ms":241,"params":{"searchMethod":"by_component","searchTerm":"DialogueClientUI","includeInactive":false,"pageSize":50,"cursor":0}}
{"ts":"2026-03-16T02:16:11.450Z","tool":"get_gameobject_components","type":"resource","status":"SUCCESS","ms":40,"params":{"instanceID":100584,"pageSize":25,"cursor":0,"includeProperties":true}}
{"ts":"2026-03-16T02:16:12.117Z","tool":"get_editor_state","type":"resource","status":"SUCCESS","ms":0,"params":{}}
{"ts":"2026-03-16T02:16:12.216Z","tool":"get_project_info","type":"resource","status":"SUCCESS","ms":0,"params":{}}
{"ts":"2026-03-16T02:16:14.253Z","tool":"get_editor_state","type":"resource","status":"SUCCESS","ms":0,"params":{}}
{"ts":"2026-03-16T02:16:24.943Z","event":"session_start","unity":"6000.4.0b9"}
{"ts":"2026-03-16T02:16:24.939Z","tool":"get_project_info","type":"resource","status":"SUCCESS","ms":1,"params":{}}
{"ts":"2026-03-16T02:16:26.158Z","tool":"get_editor_state","type":"resource","status":"SUCCESS","ms":5,"params":{}}
{"ts":"2026-03-16T02:16:26.219Z","tool":"get_project_info","type":"resource","status":"SUCCESS","ms":0,"params":{}}
{"ts":"2026-03-16T02:16:26.846Z","tool":"find_gameobjects","type":"tool","status":"SUCCESS","ms":522,"params":{"searchMethod":"by_component","searchTerm":"DialogueDebugPanel","includeInactive":false,"pageSize":50,"cursor":0}}
{"ts":"2026-03-16T02:16:26.959Z","tool":"get_editor_state","type":"resource","status":"SUCCESS","ms":0,"params":{}}
{"ts":"2026-03-16T02:16:27.059Z","tool":"get_project_info","type":"resource","status":"SUCCESS","ms":0,"params":{}}
{"ts":"2026-03-16T02:16:27.824Z","tool":"find_gameobjects","type":"tool","status":"SUCCESS","ms":266,"params":{"searchMethod":"by_component","searchTerm":"DialogueSceneEffectsController","includeInactive":false,"pageSize":50,"cursor":0}}
{"ts":"2026-03-16T02:19:31.429Z","tool":"get_editor_state","type":"resource","status":"SUCCESS","ms":0,"params":{}}
{"ts":"2026-03-16T02:19:31.529Z","tool":"get_project_info","type":"resource","status":"SUCCESS","ms":0,"params":{}}
{"ts":"2026-03-16T02:19:34.075Z","tool":"get_editor_state","type":"resource","status":"SUCCESS","ms":0,"params":{}}
{"ts":"2026-03-16T02:19:47.925Z","event":"session_start","unity":"6000.4.0b9"}
{"ts":"2026-03-16T02:19:47.922Z","tool":"get_project_info","type":"resource","status":"SUCCESS","ms":2,"params":{}}
{"ts":"2026-03-16T02:19:49.430Z","tool":"get_editor_state","type":"resource","status":"SUCCESS","ms":5,"params":{}}
{"ts":"2026-03-16T02:19:49.500Z","tool":"get_project_info","type":"resource","status":"SUCCESS","ms":0,"params":{}}
{"ts":"2026-03-16T02:19:50.425Z","tool":"find_gameobjects","type":"tool","status":"SUCCESS","ms":519,"params":{"searchMethod":"by_component","searchTerm":"NpcDialogueAnimationAgent","includeInactive":false,"pageSize":50,"cursor":0}}
{"ts":"2026-03-16T02:20:45.572Z","event":"session_start","unity":"6000.4.0b9"}
{"ts":"2026-03-16T02:20:45.566Z","tool":"get_editor_state","type":"resource","status":"SUCCESS","ms":5,"params":{}}
{"ts":"2026-03-16T02:20:47.675Z","tool":"get_project_info","type":"resource","status":"SUCCESS","ms":1,"params":{}}
{"ts":"2026-03-16T02:20:51.654Z","tool":"read_console","type":"tool","status":"SUCCESS","ms":36,"action":"get","params":{"action":"get","types":["error"],"count":10,"pageSize":20,"format":"plain","includeStacktrace":false}}
{"ts":"2026-03-16T02:21:06.176Z","tool":"get_gameobject_components","type":"resource","status":"SUCCESS","ms":49,"params":{"instanceID":101244,"pageSize":25,"cursor":0,"includeProperties":true}}
{"ts":"2026-03-16T02:21:07.099Z","tool":"get_editor_state","type":"resource","status":"SUCCESS","ms":2,"params":{}}
{"ts":"2026-03-16T02:21:07.195Z","tool":"get_project_info","type":"resource","status":"SUCCESS","ms":0,"params":{}}
{"ts":"2026-03-16T02:21:07.836Z","tool":"find_gameobjects","type":"tool","status":"SUCCESS","ms":239,"params":{"searchMethod":"by_component","searchTerm":"NpcDialogueAnimationAutoResponder","includeInactive":false,"pageSize":50,"cursor":0}}
{"ts":"2026-03-16T02:21:07.945Z","tool":"get_editor_state","type":"resource","status":"SUCCESS","ms":0,"params":{}}
{"ts":"2026-03-16T02:21:08.043Z","tool":"get_project_info","type":"resource","status":"SUCCESS","ms":0,"params":{}}
{"ts":"2026-03-16T02:21:08.910Z","tool":"find_gameobjects","type":"tool","status":"SUCCESS","ms":767,"params":{"searchMethod":"by_component","searchTerm":"DialogueMCPBridge","includeInactive":false,"pageSize":50,"cursor":0}}
{"ts":"2026-03-16T02:21:19.190Z","tool":"get_editor_state","type":"resource","status":"SUCCESS","ms":0,"params":{}}
{"ts":"2026-03-16T02:21:19.214Z","tool":"get_project_info","type":"resource","status":"SUCCESS","ms":0,"params":{}}
{"ts":"2026-03-16T02:21:21.234Z","tool":"get_editor_state","type":"resource","status":"SUCCESS","ms":0,"params":{}}
{"ts":"2026-03-16T02:21:35.991Z","event":"session_start","unity":"6000.4.0b9"}
{"ts":"2026-03-16T02:21:35.986Z","tool":"get_project_info","type":"resource","status":"SUCCESS","ms":2,"params":{}}
{"ts":"2026-03-16T02:21:37.408Z","tool":"get_editor_state","type":"resource","status":"SUCCESS","ms":5,"params":{}}
{"ts":"2026-03-16T02:21:37.427Z","tool":"get_project_info","type":"resource","status":"SUCCESS","ms":0,"params":{}}
{"ts":"2026-03-16T02:21:37.538Z","tool":"manage_scene","type":"tool","status":"SUCCESS","ms":11,"action":"get_hierarchy","params":{"action":"get_hierarchy","pageSize":60,"maxDepth":1}}
{"ts":"2026-03-16T02:21:52.035Z","tool":"get_editor_state","type":"resource","status":"SUCCESS","ms":0,"params":{}}
{"ts":"2026-03-16T02:21:52.057Z","tool":"get_project_info","type":"resource","status":"SUCCESS","ms":0,"params":{}}
{"ts":"2026-03-16T02:21:52.563Z","tool":"manage_scene","type":"tool","status":"SUCCESS","ms":7,"action":"get_hierarchy","params":{"action":"get_hierarchy","parent":101066,"pageSize":30,"maxDepth":3}}
{"ts":"2026-03-16T02:21:53.033Z","tool":"get_gameobject_components","type":"resource","status":"SUCCESS","ms":42,"params":{"instanceID":100734,"pageSize":25,"cursor":0,"includeProperties":true}}
{"ts":"2026-03-16T02:22:10.641Z","tool":"get_gameobject_components","type":"resource","status":"SUCCESS","ms":3,"params":{"instanceID":100980,"pageSize":25,"cursor":0,"includeProperties":true}}
{"ts":"2026-03-16T02:22:10.968Z","tool":"get_gameobject_components","type":"resource","status":"SUCCESS","ms":0,"params":{"instanceID":100638,"pageSize":25,"cursor":0,"includeProperties":true}}
{"ts":"2026-03-16T02:22:43.399Z","tool":"get_editor_state","type":"resource","status":"SUCCESS","ms":0,"params":{}}
{"ts":"2026-03-16T02:22:43.497Z","tool":"get_project_info","type":"resource","status":"SUCCESS","ms":0,"params":{}}
{"ts":"2026-03-16T02:22:46.370Z","tool":"get_editor_state","type":"resource","status":"SUCCESS","ms":0,"params":{}}
{"ts":"2026-03-16T02:22:59.272Z","event":"session_start","unity":"6000.4.0b9"}
{"ts":"2026-03-16T02:22:59.270Z","tool":"get_project_info","type":"resource","status":"SUCCESS","ms":1,"params":{}}
{"ts":"2026-03-16T02:23:00.683Z","tool":"get_editor_state","type":"resource","status":"SUCCESS","ms":8,"params":{}}
{"ts":"2026-03-16T02:23:00.699Z","tool":"get_project_info","type":"resource","status":"SUCCESS","ms":0,"params":{}}
{"ts":"2026-03-16T02:23:00.816Z","tool":"manage_scene","type":"tool","status":"SUCCESS","ms":15,"action":"get_hierarchy","params":{"action":"get_hierarchy","parent":101292,"pageSize":10,"maxDepth":2}}
{"ts":"2026-03-16T02:23:38.620Z","tool":"get_editor_state","type":"resource","status":"SUCCESS","ms":0,"params":{}}
{"ts":"2026-03-16T02:23:38.719Z","tool":"get_project_info","type":"resource","status":"SUCCESS","ms":0,"params":{}}
{"ts":"2026-03-16T02:23:40.622Z","tool":"manage_components","type":"tool","status":"SUCCESS","ms":1118,"action":"set_property","params":{"action":"set_property","target":101292,"componentType":"NpcDialogueAnimationController","property":"m_Animator","value":{"instanceID":101312}}}
{"ts":"2026-03-16T02:23:46.506Z","tool":"get_editor_state","type":"resource","status":"SUCCESS","ms":0,"params":{}}
{"ts":"2026-03-16T02:23:46.604Z","tool":"get_project_info","type":"resource","status":"SUCCESS","ms":0,"params":{}}
{"ts":"2026-03-16T02:23:49.363Z","tool":"get_editor_state","type":"resource","status":"SUCCESS","ms":0,"params":{}}
{"ts":"2026-03-16T02:24:02.665Z","event":"session_start","unity":"6000.4.0b9"}
{"ts":"2026-03-16T02:24:02.662Z","tool":"get_project_info","type":"resource","status":"SUCCESS","ms":2,"params":{}}
{"ts":"2026-03-16T02:24:05.561Z","tool":"get_editor_state","type":"resource","status":"SUCCESS","ms":5,"params":{}}
{"ts":"2026-03-16T02:24:05.629Z","tool":"get_project_info","type":"resource","status":"SUCCESS","ms":0,"params":{}}
{"ts":"2026-03-16T02:24:06.937Z","tool":"manage_components","type":"tool","status":"SUCCESS","ms":639,"action":"set_property","params":{"action":"set_property","target":101292,"componentType":"NpcDialogueActor","property":"m_AutoCreateSpeechText","value":true}}
{"ts":"2026-03-16T02:24:06.996Z","tool":"get_editor_state","type":"resource","status":"SUCCESS","ms":0,"params":{}}
{"ts":"2026-03-16T02:24:07.018Z","tool":"get_project_info","type":"resource","status":"SUCCESS","ms":0,"params":{}}
{"ts":"2026-03-16T02:24:07.037Z","tool":"manage_components","type":"tool","status":"SUCCESS","ms":0,"action":"set_property","params":{"action":"set_property","target":100524,"componentType":"NpcDialogueActor","property":"m_AutoCreateSpeechText","value":true}}
{"ts":"2026-03-16T02:24:13.963Z","tool":"get_gameobject_components","type":"resource","status":"SUCCESS","ms":24,"params":{"instanceID":100750,"pageSize":25,"cursor":0,"includeProperties":true}}
{"ts":"2026-03-16T02:24:13.998Z","tool":"get_editor_state","type":"resource","status":"SUCCESS","ms":0,"params":{}}
{"ts":"2026-03-16T02:24:14.015Z","tool":"get_project_info","type":"resource","status":"SUCCESS","ms":0,"params":{}}
{"ts":"2026-03-16T02:24:14.498Z","tool":"manage_scene","type":"tool","status":"SUCCESS","ms":15,"action":"get_hierarchy","params":{"action":"get_hierarchy","parent":100536,"pageSize":10,"maxDepth":1}}
{"ts":"2026-03-16T02:24:33.593Z","tool":"get_editor_state","type":"resource","status":"SUCCESS","ms":0,"params":{}}
{"ts":"2026-03-16T02:24:33.601Z","tool":"get_project_info","type":"resource","status":"SUCCESS","ms":0,"params":{}}
{"ts":"2026-03-16T02:24:35.836Z","tool":"get_editor_state","type":"resource","status":"SUCCESS","ms":0,"params":{}}
{"ts":"2026-03-16T02:24:50.683Z","event":"session_start","unity":"6000.4.0b9"}
{"ts":"2026-03-16T02:24:50.678Z","tool":"get_project_info","type":"resource","status":"SUCCESS","ms":2,"params":{}}
{"ts":"2026-03-16T02:24:52.150Z","tool":"get_editor_state","type":"resource","status":"SUCCESS","ms":2,"params":{}}
{"ts":"2026-03-16T02:24:52.168Z","tool":"get_project_info","type":"resource","status":"SUCCESS","ms":0,"params":{}}
{"ts":"2026-03-16T02:24:52.810Z","tool":"manage_components","type":"tool","status":"SUCCESS","ms":618,"action":"set_property","params":{"action":"set_property","target":100750,"componentType":"DialogueEffectFeedbackRuntimeTuner","property":"m_LearningRate","value":0.05}}
{"ts":"2026-03-16T02:24:58.643Z","tool":"get_gameobject_components","type":"resource","status":"SUCCESS","ms":372,"params":{"instanceID":101292,"pageSize":25,"cursor":0,"includeProperties":true}}
{"ts":"2026-03-16T02:26:35.048Z","tool":"get_editor_state","type":"resource","status":"SUCCESS","ms":0,"params":{}}
{"ts":"2026-03-16T02:26:35.058Z","tool":"get_project_info","type":"resource","status":"SUCCESS","ms":0,"params":{}}
{"ts":"2026-03-16T02:26:35.947Z","tool":"manage_scene","type":"tool","status":"SUCCESS","ms":549,"action":"save","params":{"action":"save"}}
